C51 COMPILER V9.60.0.0   GETKEY                                                            11/05/2021 13:02:13 PAGE 1   


C51 COMPILER V9.60.0.0, COMPILATION OF MODULE GETKEY
OBJECT MODULE PLACED IN .\Objects\getkey.obj
COMPILER INVOKED BY: D:\keil_v5\C51\BIN\C51.EXE getkey.c LARGE OPTIMIZE(8,SPEED) BROWSE DEBUG OBJECTEXTEND PRINT(.\Listi
                    -ngs\getkey.lst) TABS(2) OBJECT(.\Objects\getkey.obj)

line level    source

   1          #include "reg52.h"
   2          
   3          #define GPIO_KEY P1
   4          void Delay10ms();//延时50us
   5          
   6          unsigned char KeyDown(void)
   7          {
   8   1          unsigned char KeyValue = 'k';//用来存放读取到的键值
   9   1          unsigned char KeyState = 0;
  10   1          char a;
  11   1          GPIO_KEY = 0x0f;
  12   1          if (GPIO_KEY != 0x0f)
  13   1          {
  14   2              Delay10ms();
  15   2              if (GPIO_KEY != 0x0f)
  16   2              {
  17   3                  GPIO_KEY = 0X0F; //保险起见重新赋值
  18   3                  Delay10ms();
  19   3                  switch (GPIO_KEY) //通过switch来判断是否要按键按下；
  20   3                  {
  21   4                  case (0x07):
  22   4                      KeyValue = 0;
  23   4                      break;
  24   4                  case (0X0b):
  25   4                      KeyValue = 1;
  26   4                      break;
  27   4                  case (0X0d):
  28   4                      KeyValue = 2;
  29   4                      break;
  30   4                  case (0X0e):
  31   4                      KeyValue = 3;
  32   4                      break;
  33   4                  }
  34   3      
  35   3                  GPIO_KEY = 0XF0; //测试行
  36   3                  Delay10ms();
  37   3                  switch (GPIO_KEY)
  38   3                  {
  39   4                  case (0X70):
  40   4                      KeyValue = KeyValue;
  41   4                      break;
  42   4                  case (0Xb0):
  43   4                      KeyValue = KeyValue + 4;
  44   4                      break;
  45   4                  case (0Xd0):
  46   4                      KeyValue = KeyValue + 8;
  47   4                      break;
  48   4                  case (0Xe0):
  49   4                      KeyValue = KeyValue + 12;
  50   4                      break;
  51   4                  }
  52   3                  while ((a < 50) && (GPIO_KEY != 0xf0))
  53   3                  //检测按键松手检测
  54   3                  {
C51 COMPILER V9.60.0.0   GETKEY                                                            11/05/2021 13:02:13 PAGE 2   

  55   4                      Delay10ms();
  56   4                      a++;
  57   4                  }
  58   3                  a = 0;
  59   3              }
  60   2          }
  61   1          // retun[1] = KeyValue;
  62   1          return KeyValue;
  63   1      }
  64          /*******************************************************************************
  65          * 函 数 名         : Delay10ms
  66          * 函数功能     : 延时函数，延时10ms
  67          * 输    入         : 无
  68          * 输    出         : 无
  69          *******************************************************************************/
  70          void Delay10ms(void) //误差 0us
  71          {
  72   1          unsigned char a, b, c;
  73   1          for (c = 1; c > 0; c--)
  74   1              for (b = 38; b > 0; b--)
  75   1                  for (a = 130; a > 0; a--)
  76   1                      ;
  77   1      }


MODULE INFORMATION:   STATIC OVERLAYABLE
   CODE SIZE        =    240    ----
   CONSTANT SIZE    =   ----    ----
   XDATA SIZE       =   ----       3
   PDATA SIZE       =   ----    ----
   DATA SIZE        =   ----    ----
   IDATA SIZE       =   ----    ----
   BIT SIZE         =   ----    ----
END OF MODULE INFORMATION.


C51 COMPILATION COMPLETE.  0 WARNING(S),  0 ERROR(S)
