C51 COMPILER V9.60.0.0   LCD                                                               11/05/2021 13:02:13 PAGE 1   


C51 COMPILER V9.60.0.0, COMPILATION OF MODULE LCD
OBJECT MODULE PLACED IN .\Objects\lcd.obj
COMPILER INVOKED BY: D:\keil_v5\C51\BIN\C51.EXE lcd.c LARGE OPTIMIZE(8,SPEED) BROWSE DEBUG OBJECTEXTEND PRINT(.\Listings
                    -\lcd.lst) TABS(2) OBJECT(.\Objects\lcd.obj)

line level    source

   1          #include "lcd.h"
   2          
   3          /*******************************************************************************
   4          * 函 数 名         : Lcd1602_Delay1ms
   5          * 函数功能     : 延时函数，延时1ms
   6          * 输    入         : c
   7          * 输    出         : 无
   8          * 说    明         : 该函数是在12MHZ晶振下，12分频单片机的延时。
   9          *******************************************************************************/
  10          
  11          void Lcd1602_Delay1ms(uint c) //误差 0us
  12          {
  13   1        uchar a, b;
  14   1        for (; c > 0; c--)
  15   1        {
  16   2          for (b = 199; b > 0; b--)
  17   2          {
  18   3            for (a = 1; a > 0; a--)
  19   3              ;
  20   3          }
  21   2        }
  22   1      }
  23          
  24          /*******************************************************************************
  25          * 函 数 名         : LcdWriteCom   e
  26          * 函数功能     : 向LCD写入一个字节的命令
  27          * 输    入         : com
  28          * 输    出         : 无
  29          *******************************************************************************/
  30          void LcdWriteCom(uchar com) //写入命令
  31          {
  32   1        LCD1602_E = 0;  //使能
  33   1        LCD1602_RS = 0; //选择发送命令
  34   1        LCD1602_RW = 0; //选择写入
  35   1      
  36   1        LCD1602_DATAPINS = com; //放入命令
  37   1        Lcd1602_Delay1ms(1);    //等待数据稳定
  38   1      
  39   1        LCD1602_E = 1;       //写入时序
  40   1        Lcd1602_Delay1ms(5); //保持时间
  41   1        LCD1602_E = 0;
  42   1      }
  43          /*******************************************************************************
  44          * 函 数 名         : LcdWriteData
  45          * 函数功能     : 向LCD写入一个字节的数据
  46          * 输    入         : dat
  47          * 输    出         : 无
  48          *******************************************************************************/
  49          void LcdWriteData(uchar dat) //写入数据
  50          {
  51   1        LCD1602_E = 0;  //使能清零
  52   1        LCD1602_RS = 1; //选择输入数据
  53   1        LCD1602_RW = 0; //选择写入
  54   1      
C51 COMPILER V9.60.0.0   LCD                                                               11/05/2021 13:02:13 PAGE 2   

  55   1        LCD1602_DATAPINS = dat; //写入数据
  56   1        Lcd1602_Delay1ms(1);
  57   1      
  58   1        LCD1602_E = 1;       //写入时序
  59   1        Lcd1602_Delay1ms(5); //保持时间
  60   1        LCD1602_E = 0;
  61   1      }
  62          /*******************************************************************************
  63          * 函 数 名       : LcdInit()
  64          * 函数功能   : 初始化LCD屏
  65          * 输    入       : 无
  66          * 输    出       : 无
  67          *******************************************************************************/
  68          void LcdInit() //LCD初始化子程序
  69          {
  70   1        LcdWriteCom(0x38); //开显示
  71   1        LcdWriteCom(0x0c); //开显示不显示光标
  72   1        LcdWriteCom(0x06); //写一个指针加1
  73   1        LcdWriteCom(0x01); //清屏
  74   1        LcdWriteCom(0x80); //设置数据指针起点
  75   1      }


MODULE INFORMATION:   STATIC OVERLAYABLE
   CODE SIZE        =    109    ----
   CONSTANT SIZE    =   ----    ----
   XDATA SIZE       =   ----    ----
   PDATA SIZE       =   ----    ----
   DATA SIZE        =   ----    ----
   IDATA SIZE       =   ----    ----
   BIT SIZE         =   ----    ----
END OF MODULE INFORMATION.


C51 COMPILATION COMPLETE.  0 WARNING(S),  0 ERROR(S)
