C51 COMPILER V9.60.0.0   LED                                                               11/05/2021 13:02:13 PAGE 1   


C51 COMPILER V9.60.0.0, COMPILATION OF MODULE LED
OBJECT MODULE PLACED IN .\Objects\led.obj
COMPILER INVOKED BY: D:\keil_v5\C51\BIN\C51.EXE led.c LARGE OPTIMIZE(8,SPEED) BROWSE DEBUG OBJECTEXTEND PRINT(.\Listings
                    -\led.lst) TABS(2) OBJECT(.\Objects\led.obj)

line level    source

   1          #include "reg52.h"
   2          #include "main.h"
   3          
   4          sbit LED_R  = P2^0;
   5          sbit LED_G = P2^1;
   6          
   7          
   8          void DisLed(uchar i)
   9          {
  10   1      
  11   1          uchar n;
  12   1          uchar R = 'R';
  13   1          uchar G = 'G';
  14   1          uchar C = 'C';
  15   1      
  16   1          if (i == R)
  17   1          {
  18   2              for (n = 0; n < 5; n++)
  19   2              {
  20   3                  LED_R = 0;
  21   3                  Delay10ms();
  22   3                  Delay10ms();
  23   3                  Delay10ms();
  24   3                  LED_R = 1;
  25   3              }
  26   2          }
  27   1      
  28   1          if (i == G)
  29   1          {
  30   2              for (n = 0; n < 5; n++)
  31   2              {
  32   3                  LED_G = 0;
  33   3                  Delay10ms();
  34   3                  Delay10ms();
  35   3                  Delay10ms();
  36   3                  LED_G = 1;
  37   3              }
  38   2          }
  39   1      
  40   1          
  41   1      }


MODULE INFORMATION:   STATIC OVERLAYABLE
   CODE SIZE        =    110    ----
   CONSTANT SIZE    =   ----    ----
   XDATA SIZE       =   ----       4
   PDATA SIZE       =   ----    ----
   DATA SIZE        =   ----    ----
   IDATA SIZE       =   ----    ----
   BIT SIZE         =   ----    ----
END OF MODULE INFORMATION.


C51 COMPILATION COMPLETE.  0 WARNING(S),  0 ERROR(S)
